<?xml version="1.0" encoding="UTF-8"?>
<testng-results skipped="0" failed="0" total="1" passed="1">
  <reporter-output>
  </reporter-output>
  <suite name="Surefire suite" duration-ms="33954" started-at="2022-10-12T17:52:24Z" finished-at="2022-10-12T17:52:58Z">
    <groups>
      <group name="cucumber">
        <method signature="AbstractTestNGCucumberTests.runScenario(io.cucumber.testng.PickleWrapper, io.cucumber.testng.FeatureWrapper)[pri:0, instance:Runners._02_RunnerWithPlugin@5cb9f472]" name="runScenario" class="io.cucumber.testng.AbstractTestNGCucumberTests"/>
      </group> <!-- cucumber -->
    </groups>
    <test name="Surefire test" duration-ms="33954" started-at="2022-10-12T17:52:24Z" finished-at="2022-10-12T17:52:58Z">
      <class name="Runners._02_RunnerWithPlugin">
        <test-method status="PASS" signature="setUpClass(org.testng.ITestContext)[pri:0, instance:Runners._02_RunnerWithPlugin@5cb9f472]" name="setUpClass" is-config="true" duration-ms="1934" started-at="2022-10-12T20:52:24Z" finished-at="2022-10-12T20:52:26Z">
          <params>
            <param index="0">
              <value>
                <![CDATA[org.testng.TestRunner@10dc7d6]]>
              </value>
            </param>
          </params>
          <reporter-output>
          </reporter-output>
        </test-method> <!-- setUpClass -->
        <test-method status="PASS" signature="runScenario(io.cucumber.testng.PickleWrapper, io.cucumber.testng.FeatureWrapper)[pri:0, instance:Runners._02_RunnerWithPlugin@5cb9f472]" name="runScenario" duration-ms="31834" started-at="2022-10-12T20:52:26Z" description="Runs Cucumber Scenarios" data-provider="scenarios" finished-at="2022-10-12T20:52:58Z">
          <params>
            <param index="0">
              <value>
                <![CDATA["Login icin kullanici bilgilerini kullan"]]>
              </value>
            </param>
            <param index="1">
              <value>
                <![CDATA["Login girisi"]]>
              </value>
            </param>
          </params>
          <reporter-output>
          </reporter-output>
        </test-method> <!-- runScenario -->
        <test-method status="PASS" signature="tearDownClass()[pri:0, instance:Runners._02_RunnerWithPlugin@5cb9f472]" name="tearDownClass" is-config="true" duration-ms="137" started-at="2022-10-12T20:52:58Z" finished-at="2022-10-12T20:52:58Z">
          <reporter-output>
          </reporter-output>
        </test-method> <!-- tearDownClass -->
      </class> <!-- Runners._02_RunnerWithPlugin -->
    </test> <!-- Surefire test -->
  </suite> <!-- Surefire suite -->
</testng-results>
